2022-11-15T08:51:11.291280+0300 - DEBUG - Пользователь ввел 1
2022-11-15T08:51:11.822896+0300 - DEBUG - Пользователь ввел 2
2022-11-15T08:51:12.742063+0300 - DEBUG - Пользователь ввел *
2022-11-15T08:51:13.490071+0300 - DEBUG - Пользователь ввел 3
2022-11-15T08:51:14.015862+0300 - DEBUG - Пользователь ввел 4
2022-11-15T08:51:18.134383+0300 - DEBUG - Пользователь ввел /
2022-11-15T08:51:18.914789+0300 - DEBUG - Пользователь ввел 6
2022-11-15T08:51:20.124461+0300 - DEBUG - Пользователь ввел -
2022-11-15T08:51:21.097597+0300 - DEBUG - Пользователь ввел 1
2022-11-15T08:51:23.886616+0300 - DEBUG - Пользователь ввел 1
2022-11-15T08:51:25.541180+0300 - DEBUG - Результат 12 * 34 / 6 - 11 = 57.0
2022-11-15T08:55:45.002648+0300 - DEBUG - Пользователь ввел 12 *
2022-11-15T08:56:08.595994+0300 - DEBUG - Результат 12 * 3 = 36
2022-11-15T08:56:15.668712+0300 - DEBUG - Пользователь ввел 0 -
2022-11-15T08:56:20.303869+0300 - DEBUG - Результат 0 - 11 = -11
2022-11-15T08:56:32.340367+0300 - DEBUG - Пользователь ввел 23 
2022-11-15T08:56:37.248190+0300 - DEBUG - Результат 23 * 44 = 1012
2022-11-15T08:57:27.722594+0300 - DEBUG - Пользователь ввел 2
2022-11-15T08:57:29.419562+0300 - DEBUG - Пользователь ввел 23
2022-11-15T08:57:30.353148+0300 - DEBUG - Пользователь ввел 23 * 
2022-11-15T08:57:31.291759+0300 - DEBUG - Пользователь ввел 23 * 2
2022-11-15T08:57:31.872076+0300 - DEBUG - Пользователь ввел 23 * 26
2022-11-15T08:57:33.330420+0300 - DEBUG - Пользователь ввел 23 * 26 - 
2022-11-15T08:57:34.967222+0300 - DEBUG - Пользователь ввел 23 * 26 - 1
2022-11-15T08:57:37.533803+0300 - DEBUG - Пользователь ввел 23 * 26 - 11
2022-11-15T08:57:38.798382+0300 - DEBUG - Результат 23 * 26 - 11 = 587
2022-11-15T11:01:56.346262+0300 - DEBUG - Пользователь ввел 7
2022-11-15T11:01:56.770037+0300 - DEBUG - Пользователь ввел 73
2022-11-15T11:31:05.572309+0300 - DEBUG - Пользователь ввел C
2022-11-15T11:31:08.809776+0300 - DEBUG - Пользователь ввел C
2022-11-15T11:31:10.843270+0300 - DEBUG - Пользователь ввел C.
2022-11-15T11:32:04.695142+0300 - DEBUG - Пользователь ввел C.2
2022-11-15T11:32:06.331324+0300 - DEBUG - Пользователь ввел C.2C
2022-12-18T10:34:39.546412+0300 - DEBUG - Пользователь ввел 1
2022-12-18T10:34:40.563031+0300 - DEBUG - Пользователь ввел 12
2022-12-18T10:34:48.599595+0300 - DEBUG - Пользователь ввел 125
2022-12-18T10:34:49.644113+0300 - DEBUG - Пользователь ввел 1256
2022-12-18T10:35:32.774806+0300 - DEBUG - Не верный ввод пользователем
2022-12-18T10:35:40.239197+0300 - DEBUG - Пользователь ввел 123
2022-12-18T10:35:42.464725+0300 - DEBUG - Пользователь ввел 123 - 
2022-12-18T10:35:44.431785+0300 - DEBUG - Пользователь ввел 123 - 6
2022-12-18T10:36:04.678797+0300 - DEBUG - Результат 123 - 6 = 117
2022-12-24T08:39:18.148530+0300 - DEBUG - Пользователь ввел 1
2022-12-24T08:39:18.978163+0300 - DEBUG - Пользователь ввел 12
2022-12-24T08:39:21.769787+0300 - DEBUG - Пользователь ввел 12 * 
2022-12-24T08:39:23.338175+0300 - DEBUG - Пользователь ввел 12 * 6
2022-12-24T08:39:24.530885+0300 - DEBUG - Пользователь ввел 12 * 62
2022-12-24T08:39:25.867759+0300 - DEBUG - Пользователь ввел 12 * 62 - 
2022-12-24T08:39:27.462906+0300 - DEBUG - Пользователь ввел 12 * 62 - 9
2022-12-24T08:39:28.712212+0300 - DEBUG - Пользователь ввел 12 * 62 - 90
2022-12-24T08:39:31.475136+0300 - DEBUG - Пользователь ввел 12 * 62 - 90 * 
2022-12-24T08:39:32.491300+0300 - DEBUG - Пользователь ввел 12 * 62 - 90 * 2
2022-12-24T08:39:33.794172+0300 - DEBUG - Результат 12 * 62 - 90 * 2 = 1308
2022-12-24T08:39:37.082811+0300 - DEBUG - Пользователь ввел 9
2022-12-24T08:39:38.323588+0300 - DEBUG - Пользователь ввел 90
2022-12-24T08:39:40.442788+0300 - DEBUG - Пользователь ввел 90 * 
2022-12-24T08:39:41.262918+0300 - DEBUG - Пользователь ввел 90 * 2
2022-12-24T08:39:42.318269+0300 - DEBUG - Пользователь ввел 90 * 23
2022-12-24T08:39:44.299135+0300 - DEBUG - Пользователь ввел 90 * 23.
2022-12-24T08:39:45.448822+0300 - DEBUG - Пользователь ввел 90 * 23.1
2022-12-24T08:39:46.923635+0300 - DEBUG - Результат 90 * 23.1 = 2079.0
2022-12-24T08:39:58.564817+0300 - DEBUG - Пользователь ввел 0.
2022-12-24T08:39:59.781461+0300 - DEBUG - Пользователь ввел 0.7
2022-12-24T08:40:01.046892+0300 - DEBUG - Пользователь ввел 0.7 * 
2022-12-24T08:40:02.030749+0300 - DEBUG - Пользователь ввел 0.7 * 2
2022-12-24T08:40:03.343967+0300 - DEBUG - Результат 0.7 * 2 = 1.4
2022-12-24T08:40:06.952308+0300 - DEBUG - Пользователь ввел .
2022-12-24T08:40:08.641011+0300 - DEBUG - Пользователь ввел ..
2022-12-24T08:40:09.877441+0300 - DEBUG - Пользователь ввел ...
2022-12-24T08:40:11.291408+0300 - DEBUG - Пользователь ввел ...7
2022-12-24T08:40:13.672784+0300 - DEBUG - Пользователь ввел ...7 * 
2022-12-24T08:40:15.161032+0300 - DEBUG - Пользователь ввел ...7 * 6
2022-12-24T08:40:22.431250+0300 - DEBUG - Пользователь ввел 9
2022-12-24T08:40:24.903397+0300 - DEBUG - Пользователь ввел 9 * 
2022-12-24T08:40:27.109221+0300 - DEBUG - Пользователь ввел 9 *  * 
2022-12-24T08:40:28.551879+0300 - DEBUG - Пользователь ввел 9 *  *  * 
2022-12-24T08:40:30.126711+0300 - DEBUG - Пользователь ввел 9 *  *  * 6
2022-12-24T08:40:31.819728+0300 - DEBUG - Результат 9 *  *  * 6 = ******************************************************
2022-12-24T08:45:08.414114+0300 - DEBUG - Пользователь ввел 6
2022-12-24T08:45:09.351747+0300 - DEBUG - Пользователь ввел 67
2022-12-24T08:45:10.617646+0300 - DEBUG - Пользователь ввел 67 * 
2022-12-24T08:45:11.707352+0300 - DEBUG - Пользователь ввел 67 * 2
2022-12-24T08:45:12.704405+0300 - DEBUG - Пользователь ввел 67 * 23
2022-12-24T08:45:13.886340+0300 - DEBUG - Пользователь ввел 67 * 23 / 
2022-12-24T08:45:14.944595+0300 - DEBUG - Пользователь ввел 67 * 23 /  / 
2022-12-24T08:45:16.641415+0300 - DEBUG - Пользователь ввел 67 * 23 /  / 8
2022-12-24T08:45:17.753032+0300 - DEBUG - Пользователь ввел 67 * 23 /  / 8 - 
2022-12-24T08:45:19.390270+0300 - DEBUG - Пользователь ввел 67 * 23 /  / 8 - 2
2022-12-24T08:45:20.402203+0300 - DEBUG - Пользователь ввел 67 * 23 /  / 8 - 23
2022-12-24T08:45:21.521971+0300 - DEBUG - Пользователь ввел 67 * 23 /  / 8 - 23 * 
2022-12-24T08:45:25.047408+0300 - DEBUG - Пользователь ввел 67 * 23 /  / 8 - 23 *  * 
2022-12-24T08:45:26.579539+0300 - DEBUG - Пользователь ввел 67 * 23 /  / 8 - 23 *  * 2
2022-12-24T08:45:28.608150+0300 - DEBUG - Пользователь ввел 67 * 23 /  / 8 - 23 *  * 2 - 
2022-12-24T08:45:30.309599+0300 - DEBUG - Пользователь ввел 67 * 23 /  / 8 - 23 *  * 2 -  - 
2022-12-24T08:45:31.780890+0300 - DEBUG - Пользователь ввел 67 * 23 /  / 8 - 23 *  * 2 -  - 3
2022-12-24T08:46:28.164815+0300 - DEBUG - Пользователь ввел 6
2022-12-24T08:46:29.020112+0300 - DEBUG - Пользователь ввел 67
2022-12-24T08:46:30.231044+0300 - DEBUG - Пользователь ввел 67 * 
2022-12-24T08:46:31.590420+0300 - DEBUG - Пользователь ввел 67 *  / 
2022-12-24T08:46:34.150685+0300 - DEBUG - Пользователь ввел 67 *  / 8
2022-12-24T08:46:35.815644+0300 - DEBUG - Пользователь ввел 67 *  / 8 - 
2022-12-24T08:46:37.026196+0300 - DEBUG - Пользователь ввел 67 *  / 8 - 2
2022-12-24T08:46:38.329932+0300 - DEBUG - Пользователь ввел 67 *  / 8 - 2 + 
2022-12-24T08:46:41.059555+0300 - DEBUG - Пользователь ввел 67 *  / 8 - 2 +  + 
2022-12-24T08:46:42.670758+0300 - DEBUG - Пользователь ввел 67 *  / 8 - 2 +  + 5
2022-12-24T08:47:21.777178+0300 - DEBUG - Пользователь ввел 6
2022-12-24T08:47:23.204383+0300 - DEBUG - Пользователь ввел 6 * 
2022-12-24T08:47:24.282837+0300 - DEBUG - Пользователь ввел 6 *  - 
2022-12-24T08:47:25.541701+0300 - DEBUG - Пользователь ввел 6 *  -  + 
2022-12-24T08:47:26.523655+0300 - DEBUG - Пользователь ввел 6 *  -  + 1
2022-12-24T08:47:27.543670+0300 - DEBUG - Пользователь ввел 6 *  -  + 1.
2022-12-24T08:47:28.643377+0300 - DEBUG - Пользователь ввел 6 *  -  + 1..
2022-12-24T08:47:29.711344+0300 - DEBUG - Пользователь ввел 6 *  -  + 1..7
2022-12-24T08:47:30.618017+0300 - DEBUG - Пользователь ввел 6 *  -  + 1..74
2022-12-24T08:47:31.807934+0300 - DEBUG - Пользователь ввел 6 *  -  + 1..74 / 
2022-12-24T08:47:32.932820+0300 - DEBUG - Пользователь ввел 6 *  -  + 1..74 /  * 
2022-12-24T08:47:34.054712+0300 - DEBUG - Пользователь ввел 6 *  -  + 1..74 /  * 2
2022-12-24T08:47:39.060093+0300 - DEBUG - Пользователь ввел 6
2022-12-24T08:47:40.168695+0300 - DEBUG - Пользователь ввел 67
2022-12-24T08:47:41.453911+0300 - DEBUG - Пользователь ввел 67 - 
2022-12-24T08:47:42.627340+0300 - DEBUG - Пользователь ввел 67 - 1
2022-12-24T08:47:47.264503+0300 - DEBUG - Результат 67 - 1 = 66
2022-12-24T09:04:31.436512+0300 - DEBUG - Пользователь ввел 1
2022-12-24T09:04:34.281912+0300 - DEBUG - Пользователь ввел 11
2022-12-24T09:04:35.455354+0300 - DEBUG - Пользователь ввел 11 - 
2022-12-24T09:04:37.204260+0300 - DEBUG - Пользователь ввел 11 - 2
2022-12-24T09:04:38.146082+0300 - DEBUG - Пользователь ввел 11 - 23
2022-12-24T09:04:39.293722+0300 - DEBUG - Пользователь ввел 11 - 23 * 
2022-12-24T09:04:41.009236+0300 - DEBUG - Пользователь ввел 11 - 23 * 2
2022-12-24T09:04:42.203934+0300 - DEBUG - Пользователь ввел 11 - 23 * 28
2022-12-24T09:04:43.899367+0300 - DEBUG - Результат 11 - 23 * 28 = -336
2022-12-24T09:12:41.224353+0300 - DEBUG - Пользователь ввел 1
2022-12-24T09:12:44.226473+0300 - DEBUG - Пользователь ввел 11
2022-12-24T09:12:45.548518+0300 - DEBUG - Пользователь ввел 11 - 
2022-12-24T09:12:46.934295+0300 - DEBUG - Пользователь ввел 11 - 2
2022-12-24T09:12:48.516091+0300 - DEBUG - Пользователь ввел 11 - 23
2022-12-24T09:12:49.796009+0300 - DEBUG - Пользователь ввел 11 - 23 * 
2022-12-24T09:12:50.802458+0300 - DEBUG - Пользователь ввел 11 - 23 * 2
2022-12-24T09:12:53.062413+0300 - DEBUG - Пользователь ввел 11 - 23 * 28
2022-12-24T09:13:48.925481+0300 - DEBUG - Пользователь ввел 1
2022-12-24T09:13:51.591000+0300 - DEBUG - Пользователь ввел 11
2022-12-24T09:13:53.497974+0300 - DEBUG - Пользователь ввел 11 - 
2022-12-24T09:13:54.657955+0300 - DEBUG - Пользователь ввел 11 - 2
2022-12-24T09:13:55.745321+0300 - DEBUG - Пользователь ввел 11 - 23
2022-12-24T09:13:57.357033+0300 - DEBUG - Пользователь ввел 11 - 23 * 
2022-12-24T09:13:58.791460+0300 - DEBUG - Пользователь ввел 11 - 23 * 2
2022-12-24T09:14:02.673100+0300 - DEBUG - Пользователь ввел 11 - 23 * 28
2022-12-24T09:14:38.996323+0300 - DEBUG - Пользователь ввел 1
2022-12-24T09:14:41.698779+0300 - DEBUG - Пользователь ввел 11
2022-12-24T09:14:45.560476+0300 - DEBUG - Пользователь ввел 11 - 
2022-12-24T09:14:46.756374+0300 - DEBUG - Пользователь ввел 11 - 2
2022-12-24T09:14:48.039211+0300 - DEBUG - Пользователь ввел 11 - 23
2022-12-24T09:14:49.454373+0300 - DEBUG - Пользователь ввел 11 - 23 * 
2022-12-24T09:14:51.201576+0300 - DEBUG - Пользователь ввел 11 - 23 * 2
2022-12-24T09:14:53.268471+0300 - DEBUG - Пользователь ввел 11 - 23 * 28
2022-12-24T09:18:30.082225+0300 - DEBUG - Пользователь ввел 1
2022-12-24T09:18:31.231730+0300 - DEBUG - Пользователь ввел 11
2022-12-24T09:18:33.170301+0300 - DEBUG - Пользователь ввел 11 - 
2022-12-24T09:18:34.209071+0300 - DEBUG - Пользователь ввел 11 - 2
2022-12-24T09:18:35.452745+0300 - DEBUG - Пользователь ввел 11 - 23
2022-12-24T09:18:36.609785+0300 - DEBUG - Пользователь ввел 11 - 23 * 
2022-12-24T09:18:37.633208+0300 - DEBUG - Пользователь ввел 11 - 23 * 2
2022-12-24T09:18:38.772150+0300 - DEBUG - Пользователь ввел 11 - 23 * 28
2022-12-24T09:18:40.023779+0300 - DEBUG - Результат 11 - 23 * 28 = -633
2022-12-24T09:30:55.903600+0300 - DEBUG - Пользователь не ввел значения
2022-12-24T09:30:59.611593+0300 - DEBUG - Пользователь ввел 8
2022-12-24T09:31:02.785165+0300 - DEBUG - Пользователь ввел 84
2022-12-24T09:31:07.694693+0300 - DEBUG - Пользователь ввел 9
2022-12-24T09:31:08.950679+0300 - DEBUG - Пользователь ввел 90
2022-12-24T09:31:13.549234+0300 - DEBUG - Пользователь ввел 97
2022-12-24T09:31:19.970417+0300 - DEBUG - Пользователь ввел 97 - 
2022-12-24T09:31:21.287736+0300 - DEBUG - Пользователь ввел 97 - 7
2022-12-24T09:31:22.305759+0300 - DEBUG - Пользователь ввел 97 - 7.
2022-12-24T09:31:23.582432+0300 - DEBUG - Пользователь ввел 97 - 7.3
2022-12-24T09:31:25.118754+0300 - DEBUG - Результат 97 - 7.3 = 89.7
2022-12-24T09:31:28.031907+0300 - DEBUG - Пользователь ввел  / 
2022-12-24T09:31:30.287064+0300 - DEBUG - Пользователь ввел  / 8
2022-12-24T09:32:03.722667+0300 - DEBUG - Пользователь ввел  * 
2022-12-24T09:32:04.898280+0300 - DEBUG - Пользователь ввел  * 3
2022-12-24T10:41:56.659660+0300 - DEBUG - Пользователь ввел 5
2022-12-24T10:41:57.749551+0300 - DEBUG - Пользователь ввел 56
2022-12-24T10:42:07.429147+0300 - DEBUG - Пользователь ввел 7
2022-12-24T10:42:08.751830+0300 - DEBUG - Пользователь ввел 73
2022-12-24T10:42:10.678288+0300 - DEBUG - Пользователь ввел 73 - 
2022-12-24T10:42:13.435714+0300 - DEBUG - Пользователь ввел 73 - 2
2022-12-24T10:42:14.925197+0300 - DEBUG - Пользователь ввел 73 - 2 * 
2022-12-24T10:42:16.763480+0300 - DEBUG - Пользователь ввел 73 - 2 * 1
2022-12-24T10:42:17.939550+0300 - DEBUG - Пользователь ввел 73 - 2 * 10
2022-12-24T10:42:25.526080+0300 - DEBUG - Результат 73 - 2 * 10 = 53
2022-12-24T10:42:32.850436+0300 - DEBUG - Пользователь ввел 2
2022-12-24T10:42:34.219827+0300 - DEBUG - Пользователь ввел 23
2022-12-24T10:42:38.916568+0300 - DEBUG - Пользователь ввел 23 * 
2022-12-24T10:42:44.535217+0300 - DEBUG - Пользователь ввел 23 *  * 
2022-12-24T10:42:47.494211+0300 - DEBUG - Пользователь ввел 23 *  *  * 
2022-12-24T10:42:48.776819+0300 - DEBUG - Пользователь ввел 23 *  *  * 2
2022-12-24T10:42:50.182533+0300 - DEBUG - Результат 23 *  *  * 2 = **********************************************
2022-12-24T10:42:59.496170+0300 - DEBUG - Не верный ввод пользователем
2022-12-24T10:43:07.709166+0300 - DEBUG - Пользователь ввел 2
2022-12-24T10:43:09.292437+0300 - DEBUG - Пользователь ввел 2 / 
2022-12-24T10:43:10.475523+0300 - DEBUG - Пользователь ввел 2 / 0
2022-12-24T10:43:11.700550+0300 - DEBUG - Результат 2 / 0 = Деление на 0!
2022-12-24T10:43:14.503186+0300 - DEBUG - Пользователь ввел 3
2022-12-24T10:43:15.644267+0300 - DEBUG - Пользователь ввел 34
